# JRE version: OpenJDK Runtime Environment Temurin-17.0.7+7 (17.0.7+7) (build 17.0.7+7)
# Java VM: OpenJDK 64-Bit Server VM Temurin-17.0.7+7 (17.0.7+7, mixed mode, emulated-client, tiered, compressed oops, compressed class ptrs, g1 gc, windows-amd64)
GC Precious Log:
 CPUs: 8 total, 8 available
 Memory: 8051M
 Large Page Support: Disabled
 NUMA Support: Disabled
 Compressed Oops: Enabled (32-bit)
 Heap Region Size: 1M
 Heap Min Capacity: 8M
 Heap Initial Capacity: 126M
 Heap Max Capacity: 1G
 Pre-touch: Disabled
 Parallel Workers: 8
 Concurrent Workers: 2
 Concurrent Refinement Workers: 8
 Periodic GC: Disabled
Heap:
 garbage-first heap   total 573440K, used 250293K [0x00000000c0000000, 0x0000000100000000)
  region size 1024K, 3 young (3072K), 3 survivors (3072K)
 Metaspace       used 55698K, committed 56192K, reserved 1114112K
  class space    used 7035K, committed 7296K, reserved 1048576K
GC Heap History (20 events):
Event: 14.835 GC heap after
{Heap after GC invocations=39 (full 0):
 garbage-first heap   total 523264K, used 223417K [0x00000000c0000000, 0x0000000100000000)
  region size 1024K, 22 young (22528K), 22 survivors (22528K)
 Metaspace       used 54736K, committed 55232K, reserved 1114112K
  class space    used 6905K, committed 7104K, reserved 1048576K
}
Event: 15.267 GC heap before
{Heap before GC invocations=39 (full 0):
 garbage-first heap   total 523264K, used 438457K [0x00000000c0000000, 0x0000000100000000)
  region size 1024K, 233 young (238592K), 22 survivors (22528K)
 Metaspace       used 54936K, committed 55488K, reserved 1114112K
  class space    used 6933K, committed 7232K, reserved 1048576K
}
Event: 15.282 GC heap after
{Heap after GC invocations=40 (full 0):
 garbage-first heap   total 523264K, used 233706K [0x00000000c0000000, 0x0000000100000000)
  region size 1024K, 22 young (22528K), 22 survivors (22528K)
 Metaspace       used 54936K, committed 55488K, reserved 1114112K
  class space    used 6933K, committed 7232K, reserved 1048576K
}
Event: 15.751 GC heap before
{Heap before GC invocations=40 (full 0):
 garbage-first heap   total 523264K, used 442602K [0x00000000c0000000, 0x0000000100000000)
  region size 1024K, 225 young (230400K), 22 survivors (22528K)
 Metaspace       used 54936K, committed 55488K, reserved 1114112K
  class space    used 6933K, committed 7232K, reserved 1048576K
}
Event: 15.768 GC heap after
{Heap after GC invocations=41 (full 0):
 garbage-first heap   total 523264K, used 246699K [0x00000000c0000000, 0x0000000100000000)
  region size 1024K, 22 young (22528K), 22 survivors (22528K)
 Metaspace       used 54936K, committed 55488K, reserved 1114112K
  class space    used 6933K, committed 7232K, reserved 1048576K
}
Event: 16.210 GC heap before
{Heap before GC invocations=41 (full 0):
 garbage-first heap   total 523264K, used 441259K [0x00000000c0000000, 0x0000000100000000)
  region size 1024K, 213 young (218112K), 22 survivors (22528K)
 Metaspace       used 54946K, committed 55488K, reserved 1114112K
  class space    used 6934K, committed 7232K, reserved 1048576K
}
Event: 16.226 GC heap after
{Heap after GC invocations=42 (full 0):
 garbage-first heap   total 523264K, used 258000K [0x00000000c0000000, 0x0000000100000000)
  region size 1024K, 22 young (22528K), 22 survivors (22528K)
 Metaspace       used 54946K, committed 55488K, reserved 1114112K
  class space    used 6934K, committed 7232K, reserved 1048576K
}
Event: 16.567 GC heap before
{Heap before GC invocations=42 (full 0):
 garbage-first heap   total 523264K, used 443344K [0x00000000c0000000, 0x0000000100000000)
  region size 1024K, 204 young (208896K), 22 survivors (22528K)
 Metaspace       used 55569K, committed 56064K, reserved 1114112K
  class space    used 7022K, committed 7296K, reserved 1048576K
}
Event: 16.582 GC heap after
{Heap after GC invocations=43 (full 0):
 garbage-first heap   total 523264K, used 268241K [0x00000000c0000000, 0x0000000100000000)
  region size 1024K, 21 young (21504K), 21 survivors (21504K)
 Metaspace       used 55569K, committed 56064K, reserved 1114112K
  class space    used 7022K, committed 7296K, reserved 1048576K
}
Event: 17.004 GC heap before
{Heap before GC invocations=44 (full 0):
 garbage-first heap   total 534528K, used 443345K [0x00000000c0000000, 0x0000000100000000)
  region size 1024K, 194 young (198656K), 21 survivors (21504K)
 Metaspace       used 55570K, committed 56064K, reserved 1114112K
  class space    used 7022K, committed 7296K, reserved 1048576K
}
Event: 17.023 GC heap after
{Heap after GC invocations=45 (full 0):
 garbage-first heap   total 534528K, used 275670K [0x00000000c0000000, 0x0000000100000000)
  region size 1024K, 19 young (19456K), 19 survivors (19456K)
 Metaspace       used 55570K, committed 56064K, reserved 1114112K
  class space    used 7022K, committed 7296K, reserved 1048576K
}
Event: 17.043 GC heap before
{Heap before GC invocations=45 (full 0):
 garbage-first heap   total 534528K, used 281814K [0x00000000c0000000, 0x0000000100000000)
  region size 1024K, 26 young (26624K), 19 survivors (19456K)
 Metaspace       used 55570K, committed 56064K, reserved 1114112K
  class space    used 7022K, committed 7296K, reserved 1048576K
}
Event: 17.057 GC heap after
{Heap after GC invocations=46 (full 0):
 garbage-first heap   total 534528K, used 272261K [0x00000000c0000000, 0x0000000100000000)
  region size 1024K, 3 young (3072K), 3 survivors (3072K)
 Metaspace       used 55570K, committed 56064K, reserved 1114112K
  class space    used 7022K, committed 7296K, reserved 1048576K
}
Event: 17.553 GC heap before
{Heap before GC invocations=46 (full 0):
 garbage-first heap   total 534528K, used 456581K [0x00000000c0000000, 0x0000000100000000)
  region size 1024K, 183 young (187392K), 3 survivors (3072K)
 Metaspace       used 55698K, committed 56192K, reserved 1114112K
  class space    used 7035K, committed 7296K, reserved 1048576K
}
Event: 17.596 GC heap after
{Heap after GC invocations=47 (full 0):
 garbage-first heap   total 534528K, used 332800K [0x00000000c0000000, 0x0000000100000000)
  region size 1024K, 23 young (23552K), 23 survivors (23552K)
 Metaspace       used 55698K, committed 56192K, reserved 1114112K
  class space    used 7035K, committed 7296K, reserved 1048576K
}
Event: 17.924 GC heap before
{Heap before GC invocations=48 (full 0):
 garbage-first heap   total 573440K, used 416768K [0x00000000c0000000, 0x0000000100000000)
  region size 1024K, 112 young (114688K), 23 survivors (23552K)
 Metaspace       used 55698K, committed 56192K, reserved 1114112K
  class space    used 7035K, committed 7296K, reserved 1048576K
}
Event: 17.985 GC heap after
{Heap after GC invocations=49 (full 0):
 garbage-first heap   total 573440K, used 354816K [0x00000000c0000000, 0x0000000100000000)
  region size 1024K, 14 young (14336K), 14 survivors (14336K)
 Metaspace       used 55698K, committed 56192K, reserved 1114112K
  class space    used 7035K, committed 7296K, reserved 1048576K
}
Event: 17.993 GC heap before
{Heap before GC invocations=49 (full 0):
 garbage-first heap   total 573440K, used 368128K [0x00000000c0000000, 0x0000000100000000)
  region size 1024K, 28 young (28672K), 14 survivors (14336K)
 Metaspace       used 55698K, committed 56192K, reserved 1114112K
  class space    used 7035K, committed 7296K, reserved 1048576K
}
Event: 18.034 GC heap after
{Heap after GC invocations=50 (full 0):
 garbage-first heap   total 573440K, used 303876K [0x00000000c0000000, 0x0000000100000000)
  region size 1024K, 3 young (3072K), 3 survivors (3072K)
 Metaspace       used 55698K, committed 56192K, reserved 1114112K
  class space    used 7035K, committed 7296K, reserved 1048576K
}
Event: 18.048 GC heap before
{Heap before GC invocations=50 (full 0):
 garbage-first heap   total 573440K, used 328452K [0x00000000c0000000, 0x0000000100000000)
  region size 1024K, 28 young (28672K), 3 survivors (3072K)
 Metaspace       used 55698K, committed 56192K, reserved 1114112K
  class space    used 7035K, committed 7296K, reserved 1048576K
}

